[0m21:33:46.965791 [debug] [MainThread]: Sending event: {'category': 'dbt', 'action': 'invocation', 'label': 'start', 'context': [<snowplow_tracker.self_describing_json.SelfDescribingJson object at 0x000002257B6A4050>, <snowplow_tracker.self_describing_json.SelfDescribingJson object at 0x000002257C8EA8D0>, <snowplow_tracker.self_describing_json.SelfDescribingJson object at 0x000002257C8EAA10>]}


============================== 21:33:46.971800 | 951e9fa0-1c59-4399-8452-b6173bcd9c55 ==============================
[0m21:33:46.971800 [info ] [MainThread]: Running with dbt=1.11.3
[0m21:33:46.971800 [debug] [MainThread]: running dbt with arguments {'version_check': 'True', 'no_print': 'None', 'static_parser': 'True', 'target_path': 'None', 'warn_error_options': 'WarnErrorOptionsV2(error=[], warn=[], silence=[])', 'printer_width': '80', 'write_json': 'True', 'empty': 'None', 'log_cache_events': 'False', 'introspect': 'True', 'cache_selected_only': 'False', 'log_format': 'default', 'debug': 'False', 'fail_fast': 'False', 'profiles_dir': 'C:\\Users\\alan.ludke_indicium\\Documents\\market_scraper\\dbt_market_scraper', 'send_anonymous_usage_stats': 'True', 'quiet': 'False', 'warn_error': 'None', 'partial_parse': 'True', 'use_colors': 'True', 'invocation_command': 'dbt debug', 'indirect_selection': 'eager', 'use_experimental_parser': 'False', 'log_path': 'C:\\Users\\alan.ludke_indicium\\Documents\\market_scraper\\dbt_market_scraper\\logs'}
[0m21:33:47.059977 [info ] [MainThread]: dbt version: 1.11.3
[0m21:33:47.061488 [info ] [MainThread]: python version: 3.11.9
[0m21:33:47.062501 [info ] [MainThread]: python path: C:\Users\alan.ludke_indicium\AppData\Local\Programs\Python\Python311\python.exe
[0m21:33:47.062501 [info ] [MainThread]: os info: Windows-10-10.0.26200-SP0
[0m21:33:47.356538 [info ] [MainThread]: Using profiles dir at C:\Users\alan.ludke_indicium\Documents\market_scraper\dbt_market_scraper
[0m21:33:47.358049 [info ] [MainThread]: Using profiles.yml file at C:\Users\alan.ludke_indicium\Documents\market_scraper\dbt_market_scraper\profiles.yml
[0m21:33:47.358049 [info ] [MainThread]: Using dbt_project.yml file at C:\Users\alan.ludke_indicium\Documents\market_scraper\dbt_market_scraper\dbt_project.yml
[0m21:33:47.360056 [info ] [MainThread]: adapter type: duckdb
[0m21:33:47.361582 [info ] [MainThread]: adapter version: 1.10.0
[0m21:33:47.701601 [info ] [MainThread]: Configuration:
[0m21:33:47.703142 [info ] [MainThread]:   profiles.yml file [[32mOK found and valid[0m]
[0m21:33:47.703142 [info ] [MainThread]:   dbt_project.yml file [[32mOK found and valid[0m]
[0m21:33:47.704158 [info ] [MainThread]: Required dependencies:
[0m21:33:47.704158 [debug] [MainThread]: Executing "git --help"
[0m21:33:47.732421 [debug] [MainThread]: STDOUT: "b"usage: git [-v | --version] [-h | --help] [-C <path>] [-c <name>=<value>]\n           [--exec-path[=<path>]] [--html-path] [--man-path] [--info-path]\n           [-p | --paginate | -P | --no-pager] [--no-replace-objects] [--no-lazy-fetch]\n           [--no-optional-locks] [--no-advice] [--bare] [--git-dir=<path>]\n           [--work-tree=<path>] [--namespace=<name>] [--config-env=<name>=<envvar>]\n           <command> [<args>]\n\nThese are common Git commands used in various situations:\n\nstart a working area (see also: git help tutorial)\n   clone      Clone a repository into a new directory\n   init       Create an empty Git repository or reinitialize an existing one\n\nwork on the current change (see also: git help everyday)\n   add        Add file contents to the index\n   mv         Move or rename a file, a directory, or a symlink\n   restore    Restore working tree files\n   rm         Remove files from the working tree and from the index\n\nexamine the history and state (see also: git help revisions)\n   bisect     Use binary search to find the commit that introduced a bug\n   diff       Show changes between commits, commit and working tree, etc\n   grep       Print lines matching a pattern\n   log        Show commit logs\n   show       Show various types of objects\n   status     Show the working tree status\n\ngrow, mark and tweak your common history\n   backfill   Download missing objects in a partial clone\n   branch     List, create, or delete branches\n   commit     Record changes to the repository\n   merge      Join two or more development histories together\n   rebase     Reapply commits on top of another base tip\n   reset      Reset current HEAD to the specified state\n   switch     Switch branches\n   tag        Create, list, delete or verify tags\n\ncollaborate (see also: git help workflows)\n   fetch      Download objects and refs from another repository\n   pull       Fetch from and integrate with another repository or a local branch\n   push       Update remote refs along with associated objects\n\n'git help -a' and 'git help -g' list available subcommands and some\nconcept guides. See 'git help <command>' or 'git help <concept>'\nto read about a specific subcommand or concept.\nSee 'git help git' for an overview of the system.\n""
[0m21:33:47.733059 [debug] [MainThread]: STDERR: "b''"
[0m21:33:47.734058 [info ] [MainThread]:  - git [[32mOK found[0m]

[0m21:33:47.734058 [info ] [MainThread]: Connection:
[0m21:33:47.735093 [info ] [MainThread]:   database: analytics
[0m21:33:47.735093 [info ] [MainThread]:   schema: dev_local
[0m21:33:47.736080 [info ] [MainThread]:   path: ../data/analytics.duckdb
[0m21:33:47.736080 [info ] [MainThread]:   config_options: None
[0m21:33:47.737059 [info ] [MainThread]:   extensions: ['parquet', 'json']
[0m21:33:47.737059 [info ] [MainThread]:   settings: {'enable_progress_bar': False, 'allow_unsigned_extensions': True}
[0m21:33:47.738063 [info ] [MainThread]:   external_root: .
[0m21:33:47.738063 [info ] [MainThread]:   use_credential_provider: None
[0m21:33:47.739059 [info ] [MainThread]:   attach: None
[0m21:33:47.739059 [info ] [MainThread]:   filesystems: None
[0m21:33:47.740077 [info ] [MainThread]:   remote: None
[0m21:33:47.740077 [info ] [MainThread]:   plugins: None
[0m21:33:47.741075 [info ] [MainThread]:   disable_transactions: False
[0m21:33:47.741075 [info ] [MainThread]: Registered adapter: duckdb=1.10.0
[0m21:33:48.214684 [debug] [MainThread]: Acquiring new duckdb connection 'debug'
[0m21:33:48.855862 [debug] [MainThread]: Using duckdb connection "debug"
[0m21:33:48.856238 [debug] [MainThread]: On debug: select 1 as id
[0m21:33:48.856740 [debug] [MainThread]: Opening a new connection, currently in state init
[0m21:34:28.196407 [debug] [MainThread]: DuckDB adapter: Error running SQL: select 1 as id
[0m21:34:28.197918 [debug] [MainThread]: DuckDB adapter: Rolling back transaction.
[0m21:34:28.199926 [info ] [MainThread]:   Connection test: [[31mERROR[0m]

[0m21:34:28.199926 [info ] [MainThread]: [31m1 check failed:[0m
[0m21:34:28.200925 [info ] [MainThread]: dbt was unable to connect to the specified database.
The database returned the following error:

  >Runtime Error
  Invalid Input Error: Cannot change allow_unsigned_extensions setting while database is running

Check your database credentials and try again. For more information, visit:
https://docs.getdbt.com/docs/configure-your-profile


[0m21:34:28.202432 [debug] [MainThread]: Command `dbt debug` failed at 21:34:28.202432 after 41.43 seconds
[0m21:34:28.203443 [debug] [MainThread]: Connection 'debug' was properly closed.
[0m21:34:28.204442 [debug] [MainThread]: Sending event: {'category': 'dbt', 'action': 'invocation', 'label': 'end', 'context': [<snowplow_tracker.self_describing_json.SelfDescribingJson object at 0x000002257CD0EBD0>, <snowplow_tracker.self_describing_json.SelfDescribingJson object at 0x000002257CD0ED10>, <snowplow_tracker.self_describing_json.SelfDescribingJson object at 0x000002257CA3D850>]}
[0m21:34:28.204442 [debug] [MainThread]: Flushing usage events
[0m21:34:28.948037 [debug] [MainThread]: An error was encountered while trying to flush usage events
[0m21:36:06.414890 [debug] [MainThread]: Sending event: {'category': 'dbt', 'action': 'invocation', 'label': 'start', 'context': [<snowplow_tracker.self_describing_json.SelfDescribingJson object at 0x000001D173D74150>, <snowplow_tracker.self_describing_json.SelfDescribingJson object at 0x000001D173D77610>, <snowplow_tracker.self_describing_json.SelfDescribingJson object at 0x000001D173D75150>]}


============================== 21:36:06.419412 | 8677b2a9-f9de-4717-bc64-f0ce2f3068ee ==============================
[0m21:36:06.419412 [info ] [MainThread]: Running with dbt=1.11.3
[0m21:36:06.419412 [debug] [MainThread]: running dbt with arguments {'static_parser': 'True', 'no_print': 'None', 'version_check': 'True', 'warn_error_options': 'WarnErrorOptionsV2(error=[], warn=[], silence=[])', 'target_path': 'None', 'printer_width': '80', 'write_json': 'True', 'introspect': 'True', 'log_cache_events': 'False', 'empty': 'None', 'cache_selected_only': 'False', 'fail_fast': 'False', 'debug': 'False', 'log_format': 'default', 'partial_parse': 'True', 'send_anonymous_usage_stats': 'True', 'quiet': 'False', 'warn_error': 'None', 'profiles_dir': 'C:\\Users\\alan.ludke_indicium\\Documents\\market_scraper\\src\\transform\\dbt_project', 'invocation_command': 'dbt debug', 'indirect_selection': 'eager', 'use_colors': 'True', 'use_experimental_parser': 'False', 'log_path': 'C:\\Users\\alan.ludke_indicium\\Documents\\market_scraper\\src\\transform\\dbt_project\\logs'}
[0m21:36:06.440798 [info ] [MainThread]: dbt version: 1.11.3
[0m21:36:06.441799 [info ] [MainThread]: python version: 3.11.9
[0m21:36:06.442799 [info ] [MainThread]: python path: C:\Users\alan.ludke_indicium\AppData\Local\Programs\Python\Python311\python.exe
[0m21:36:06.443306 [info ] [MainThread]: os info: Windows-10-10.0.26200-SP0
[0m21:36:06.647966 [info ] [MainThread]: Using profiles dir at C:\Users\alan.ludke_indicium\Documents\market_scraper\src\transform\dbt_project
[0m21:36:06.647966 [info ] [MainThread]: Using profiles.yml file at C:\Users\alan.ludke_indicium\Documents\market_scraper\src\transform\dbt_project\profiles.yml
[0m21:36:06.648971 [info ] [MainThread]: Using dbt_project.yml file at C:\Users\alan.ludke_indicium\Documents\market_scraper\src\transform\dbt_project\dbt_project.yml
[0m21:36:06.650992 [info ] [MainThread]: adapter type: duckdb
[0m21:36:06.650992 [info ] [MainThread]: adapter version: 1.10.0
[0m21:36:06.985686 [info ] [MainThread]: Configuration:
[0m21:36:06.986685 [info ] [MainThread]:   profiles.yml file [[32mOK found and valid[0m]
[0m21:36:06.986685 [info ] [MainThread]:   dbt_project.yml file [[32mOK found and valid[0m]
[0m21:36:06.987685 [info ] [MainThread]: Required dependencies:
[0m21:36:06.987685 [debug] [MainThread]: Executing "git --help"
[0m21:36:07.019346 [debug] [MainThread]: STDOUT: "b"usage: git [-v | --version] [-h | --help] [-C <path>] [-c <name>=<value>]\n           [--exec-path[=<path>]] [--html-path] [--man-path] [--info-path]\n           [-p | --paginate | -P | --no-pager] [--no-replace-objects] [--no-lazy-fetch]\n           [--no-optional-locks] [--no-advice] [--bare] [--git-dir=<path>]\n           [--work-tree=<path>] [--namespace=<name>] [--config-env=<name>=<envvar>]\n           <command> [<args>]\n\nThese are common Git commands used in various situations:\n\nstart a working area (see also: git help tutorial)\n   clone      Clone a repository into a new directory\n   init       Create an empty Git repository or reinitialize an existing one\n\nwork on the current change (see also: git help everyday)\n   add        Add file contents to the index\n   mv         Move or rename a file, a directory, or a symlink\n   restore    Restore working tree files\n   rm         Remove files from the working tree and from the index\n\nexamine the history and state (see also: git help revisions)\n   bisect     Use binary search to find the commit that introduced a bug\n   diff       Show changes between commits, commit and working tree, etc\n   grep       Print lines matching a pattern\n   log        Show commit logs\n   show       Show various types of objects\n   status     Show the working tree status\n\ngrow, mark and tweak your common history\n   backfill   Download missing objects in a partial clone\n   branch     List, create, or delete branches\n   commit     Record changes to the repository\n   merge      Join two or more development histories together\n   rebase     Reapply commits on top of another base tip\n   reset      Reset current HEAD to the specified state\n   switch     Switch branches\n   tag        Create, list, delete or verify tags\n\ncollaborate (see also: git help workflows)\n   fetch      Download objects and refs from another repository\n   pull       Fetch from and integrate with another repository or a local branch\n   push       Update remote refs along with associated objects\n\n'git help -a' and 'git help -g' list available subcommands and some\nconcept guides. See 'git help <command>' or 'git help <concept>'\nto read about a specific subcommand or concept.\nSee 'git help git' for an overview of the system.\n""
[0m21:36:07.020352 [debug] [MainThread]: STDERR: "b''"
[0m21:36:07.020352 [info ] [MainThread]:  - git [[32mOK found[0m]

[0m21:36:07.021355 [info ] [MainThread]: Connection:
[0m21:36:07.021355 [info ] [MainThread]:   database: analytics
[0m21:36:07.021355 [info ] [MainThread]:   schema: dev_local
[0m21:36:07.022862 [info ] [MainThread]:   path: ../../../data/analytics.duckdb
[0m21:36:07.023870 [info ] [MainThread]:   config_options: None
[0m21:36:07.023870 [info ] [MainThread]:   extensions: ['parquet', 'json']
[0m21:36:07.024879 [info ] [MainThread]:   settings: {'enable_progress_bar': False}
[0m21:36:07.025883 [info ] [MainThread]:   external_root: .
[0m21:36:07.025883 [info ] [MainThread]:   use_credential_provider: None
[0m21:36:07.026878 [info ] [MainThread]:   attach: None
[0m21:36:07.027881 [info ] [MainThread]:   filesystems: None
[0m21:36:07.028386 [info ] [MainThread]:   remote: None
[0m21:36:07.028386 [info ] [MainThread]:   plugins: None
[0m21:36:07.029391 [info ] [MainThread]:   disable_transactions: False
[0m21:36:07.030393 [info ] [MainThread]: Registered adapter: duckdb=1.10.0
[0m21:36:07.651830 [debug] [MainThread]: Acquiring new duckdb connection 'debug'
[0m21:36:07.771934 [debug] [MainThread]: Using duckdb connection "debug"
[0m21:36:07.772437 [debug] [MainThread]: On debug: select 1 as id
[0m21:36:07.773442 [debug] [MainThread]: Opening a new connection, currently in state init
[0m21:36:07.790687 [debug] [MainThread]: SQL status: OK in 0.018 seconds
[0m21:36:07.791692 [debug] [MainThread]: On debug: Close
[0m21:36:07.792692 [info ] [MainThread]:   Connection test: [[32mOK connection ok[0m]

[0m21:36:07.793198 [info ] [MainThread]: [32mAll checks passed![0m
[0m21:36:07.794705 [debug] [MainThread]: Command `dbt debug` succeeded at 21:36:07.793198 after 1.55 seconds
[0m21:36:07.794705 [debug] [MainThread]: Connection 'debug' was properly closed.
[0m21:36:07.795712 [debug] [MainThread]: Sending event: {'category': 'dbt', 'action': 'invocation', 'label': 'end', 'context': [<snowplow_tracker.self_describing_json.SelfDescribingJson object at 0x000001D174199F50>, <snowplow_tracker.self_describing_json.SelfDescribingJson object at 0x000001D174554790>, <snowplow_tracker.self_describing_json.SelfDescribingJson object at 0x000001D174051B50>]}
[0m21:36:07.796711 [debug] [MainThread]: Flushing usage events
[0m21:36:08.399712 [debug] [MainThread]: An error was encountered while trying to flush usage events
